#
# A fatal error has been detected by the Java Runtime Environment:
#
#  Internal Error (javaClasses.cpp:129), pid=3464, tid=7640
#  fatal error: Invalid layout of preloaded class
#
# JRE version: 7.0_15-b03
# Java VM: Java HotSpot(TM) Client VM (23.7-b01 mixed mode windows-x86 )
# Failed to write core dump. Minidumps are not enabled by default on client versions of Windows
#
# If you would like to submit a bug report, please visit:
#   http://bugreport.sun.com/bugreport/crash.jsp
#

---------------  T H R E A D  ---------------

Current thread (0x01f4ac00):  JavaThread "Unknown thread" [_thread_in_vm, id=7640, stack(0x01910000,0x01960000)]

Stack: [0x01910000,0x01960000],  sp=0x0195f324,  free space=316k
Native frames: (J=compiled Java code, j=interpreted, Vv=VM code, C=native code)
V  [jvm.dll+0x16f261]
V  [jvm.dll+0x1693d6]
V  [jvm.dll+0x2079f]
V  [jvm.dll+0x20826]
V  [jvm.dll+0x2e5bd]
V  [jvm.dll+0x2e869]
V  [jvm.dll+0x77ba1]
V  [jvm.dll+0x77f5b]
V  [jvm.dll+0x1290e1]
V  [jvm.dll+0x149b3a]
V  [jvm.dll+0xa98df]
C  [javaw.exe+0x13ca]
C  [javaw.exe+0x1e3c]
C  [javaw.exe+0xa5a1]
C  [javaw.exe+0xa62b]
C  [kernel32.dll+0x4ed5c]  BaseThreadInitThunk+0x12
C  [ntdll.dll+0x637f5]  RtlInitializeExceptionChain+0xef
C  [ntdll.dll+0x637c8]  RtlInitializeExceptionChain+0xc2


---------------  P R O C E S S  ---------------

Java Threads: ( => current thread )

Other Threads:

=>0x01f4ac00 (exited) JavaThread "Unknown thread" [_thread_in_vm, id=7640, stack(0x01910000,0x01960000)]

VM state:not at safepoint (not fully initialized)

VM Mutex/Monitor currently owned by a thread: None

GC Heap History (0 events):
No events

Deoptimization events (0 events):
No events

Internal exceptions (0 events):
No events

Events (10 events):
Event: 0.007 loading class 0x01983bf8 done
Event: 0.008 loading class 0x01983108 done
Event: 0.008 loading class 0x019830e0
Event: 0.008 loading class 0x019f5888
Event: 0.012 loading class 0x019f5888 done
Event: 0.012 loading class 0x019f58c0
Event: 0.026 loading class 0x019f58c0 done
Event: 0.026 loading class 0x019eb738
Event: 0.026 loading class 0x019eb738 done
Event: 0.026 loading class 0x019830e0 done


Dynamic libraries:
0x012b0000 - 0x012df000 	C:\Program Files\Java\jdk1.7.0_15\bin\javaw.exe
0x76ff0000 - 0x7712c000 	C:\Windows\SYSTEM32\ntdll.dll
0x76780000 - 0x76854000 	C:\Windows\system32\kernel32.dll
0x753f0000 - 0x7543b000 	C:\Windows\system32\KERNELBASE.dll
0x76600000 - 0x766a0000 	C:\Windows\system32\ADVAPI32.dll
0x76980000 - 0x76a2c000 	C:\Windows\system32\msvcrt.dll
0x77130000 - 0x77149000 	C:\Windows\SYSTEM32\sechost.dll
0x76550000 - 0x765f2000 	C:\Windows\system32\RPCRT4.dll
0x76a90000 - 0x76b59000 	C:\Windows\system32\USER32.dll
0x768a0000 - 0x768ee000 	C:\Windows\system32\GDI32.dll
0x766d0000 - 0x766da000 	C:\Windows\system32\LPK.dll
0x766e0000 - 0x7677d000 	C:\Windows\system32\USP10.dll
0x744d0000 - 0x7466e000 	C:\Windows\WinSxS\x86_microsoft.windows.common-controls_6595b64144ccf1df_6.0.7601.17514_none_41e6975e2bd6f2b2\COMCTL32.dll
0x762e0000 - 0x76337000 	C:\Windows\system32\SHLWAPI.dll
0x766b0000 - 0x766cf000 	C:\Windows\system32\IMM32.DLL
0x76340000 - 0x7640c000 	C:\Windows\system32\MSCTF.dll
0x75100000 - 0x7513a000 	C:\Windows\system32\nvinit.dll
0x0f000000 - 0x0f006000 	C:\Program Files\NVIDIA Corporation\CoProcManager\_etoured.dll
0x72090000 - 0x720db000 	C:\Program Files\NVIDIA Corporation\CoProcManager\nvd3d9wrap.dll
0x76e50000 - 0x76fed000 	C:\Windows\system32\SETUPAPI.dll
0x75280000 - 0x752a7000 	C:\Windows\system32\CFGMGR32.dll
0x76dc0000 - 0x76e4f000 	C:\Windows\system32\OLEAUT32.dll
0x76c60000 - 0x76dbc000 	C:\Windows\system32\ole32.dll
0x752b0000 - 0x752c2000 	C:\Windows\system32\DEVOBJ.dll
0x72050000 - 0x72083000 	C:\Program Files\NVIDIA Corporation\CoProcManager\nvdxgiwrap.dll
0x56f80000 - 0x5703e000 	C:\Program Files\Java\jdk1.7.0_15\jre\bin\msvcr100.dll
0x573a0000 - 0x576ec000 	C:\Program Files\Java\jdk1.7.0_15\jre\bin\client\jvm.dll
0x6e270000 - 0x6e277000 	C:\Windows\system32\WSOCK32.dll
0x771e0000 - 0x77215000 	C:\Windows\system32\WS2_32.dll
0x76860000 - 0x76866000 	C:\Windows\system32\NSI.dll
0x72e80000 - 0x72eb2000 	C:\Windows\system32\WINMM.dll
0x77150000 - 0x77155000 	C:\Windows\system32\PSAPI.DLL
0x73a10000 - 0x73a1c000 	C:\Program Files\Java\jdk1.7.0_15\jre\bin\verify.dll
0x6f090000 - 0x6f0b0000 	C:\Program Files\Java\jdk1.7.0_15\jre\bin\java.dll
0x6f070000 - 0x6f083000 	C:\Program Files\Java\jdk1.7.0_15\jre\bin\zip.dll
0x6e840000 - 0x6e92b000 	C:\Windows\system32\dbghelp.dll

VM Arguments:
jvm_args: -Dfile.encoding=GBK -Xbootclasspath:D:\安装软件\adt-bundle-2013-5\sdk\platforms\android-15\android.jar 
java_command: com.example.demoapk.socket
Launcher Type: SUN_STANDARD

Environment Variables:
JAVA_HOME=C:\Program Files\Java\jdk1.7.0_15
CLASSPATH=.;C:\Program Files\Java\jdk1.7.0_15\lib;C:\Program Files\Java\jdk1.7.0_15\lib\tools.jar
PATH=C:/Program Files/Java/jdk1.7.0_15/bin/../jre/bin/client;C:/Program Files/Java/jdk1.7.0_15/bin/../jre/bin;C:/Program Files/Java/jdk1.7.0_15/bin/../jre/lib/i386;C:\Program Files\Java\jdk1.7.0_15\bin;C:\Program Files\Java\jdk1.7.0_15\jre\bin;C:\Program Files\Intel\iCLS Client\;C:\Windows\system32;C:\Windows;C:\Windows\System32\Wbem;C:\Windows\System32\WindowsPowerShell\v1.0\;C:\Program Files\Intel\OpenCL SDK\3.0\bin\x86;C:\Program Files\Intel\Intel(R) Management Engine Components\DAL;C:\Program Files\Intel\Intel(R) Management Engine Components\IPT;C:\Program Files\ThinkPad\Bluetooth Software\;D:\安装软件\adt-bundle-2013-5\sdk\platform-tools\;C:\Program Files\MySQL\MySQL Server 5.5\bin;D:\software\matlab\runtime\win32;D:\software\matlab\bin;.;;.;;D:\安装软件\adt-bundle-2013-5\eclipse;
USERNAME=Think
OS=Windows_NT
PROCESSOR_IDENTIFIER=x86 Family 6 Model 58 Stepping 9, GenuineIntel



---------------  S Y S T E M  ---------------

OS: Windows 7 Build 7601 Service Pack 1

CPU:total 4 (2 cores per cpu, 2 threads per core) family 6 model 58 stepping 9, cmov, cx8, fxsr, mmx, sse, sse2, sse3, ssse3, sse4.1, sse4.2, popcnt, avx, ht, tsc, tscinvbit, tscinv

Memory: 4k page, physical 2728748k(718524k free), swap 5455740k(2070716k free)

vm_info: Java HotSpot(TM) Client VM (23.7-b01) for windows-x86 JRE (1.7.0_15-b03), built on Feb 15 2013 14:01:25 by "java_re" with unknown MS VC++:1600

time: Thu Feb 27 14:43:49 2014
elapsed time: 0 seconds

